<?xml version="1.0" encoding="UTF-8"?>
<testsuite xmlns:xsi="http://www.w3.org/2001/XMLSchema-instance" xsi:noNamespaceSchemaLocation="https://maven.apache.org/surefire/maven-surefire-plugin/xsd/surefire-test-report.xsd" version="3.0.1" name="com.bac.microservice.investmentfunds.utils.mapper.InvestmentFundsMapperTest" time="0.974" tests="6" errors="0" skipped="0" failures="0">
  <properties>
[...]
</properties>
  <testcase name="shouldConvertStringToBigDecimal" classname="com.bac.microservice.investmentfunds.utils.mapper.InvestmentFundsMapperTest" time="0.325"/>
  <testcase name="shouldMapSingleFund" classname="com.bac.microservice.investmentfunds.utils.mapper.InvestmentFundsMapperTest" time="0.093"/>
  <testcase name="shouldReturnEmptyFundList" classname="com.bac.microservice.investmentfunds.utils.mapper.InvestmentFundsMapperTest" time="0.006"/>
  <testcase name="shouldHandleNullCustomerFund" classname="com.bac.microservice.investmentfunds.utils.mapper.InvestmentFundsMapperTest" time="0.002"/>
  <testcase name="shouldMapMono" classname="com.bac.microservice.investmentfunds.utils.mapper.InvestmentFundsMapperTest" time="0.451"/>
  <testcase name="shouldCalculateBalanceSummary" classname="com.bac.microservice.investmentfunds.utils.mapper.InvestmentFundsMapperTest" time="0.003"/>
</testsuite>